<?xml version="1.0" encoding="UTF-8"?>
<testsuite xmlns:xsi="http://www.w3.org/2001/XMLSchema-instance" xsi:noNamespaceSchemaLocation="https://maven.apache.org/surefire/maven-surefire-plugin/xsd/surefire-test-report.xsd" name="com.xy1m.services.RevContentAuthenticationServiceImplTest" time="0.003" tests="2" errors="0" skipped="2" failures="0">
  <properties>
[...]
</properties>
  <testcase name="clientCredentials" classname="com.xy1m.services.RevContentAuthenticationServiceImplTest" time="0">
    <skipped/>
    <system-out><![CDATA[2019-12-17 12:20:31 DEBUG RevContentEndpointsRetrofitFactory:22 [main] - creating authentication endpoint using retrofit for class [interface com.xy1m.internal.AuthenticationEndpoint]
2019-12-17 12:20:31 DEBUG RevContentEndpointsRetrofitFactory:29 [main] - creating endpoint using retrofit for class [interface com.xy1m.internal.BoostEndpoint]
2019-12-17 12:20:31 DEBUG RevContentEndpointsRetrofitFactory:29 [main] - creating endpoint using retrofit for class [interface com.xy1m.internal.BoostPerformanceEndpoint]
2019-12-17 12:20:31 DEBUG RevContentEndpointsRetrofitFactory:29 [main] - creating endpoint using retrofit for class [interface com.xy1m.internal.HelperEndpoint]
2019-12-17 12:20:31 DEBUG RevContentEndpointsRetrofitFactory:29 [main] - creating endpoint using retrofit for class [interface com.xy1m.internal.ContentEndpoint]
2019-12-17 12:20:31 DEBUG RevContentEndpointsRetrofitFactory:29 [main] - creating endpoint using retrofit for class [interface com.xy1m.internal.WidgetEndpoint]
2019-12-17 12:20:31 DEBUG RevContentEndpointsRetrofitFactory:29 [main] - creating endpoint using retrofit for class [interface com.xy1m.internal.TargetEndpoint]
]]></system-out>
  </testcase>
  <testcase name="authenticate" classname="com.xy1m.services.RevContentAuthenticationServiceImplTest" time="0">
    <skipped/>
  </testcase>
</testsuite>